<?xml version="1.0" encoding="UTF-8"?>
<tsduck>
  <PAT version="12" current="true" transport_stream_id="0x02E1" network_PID="0x0010">
    <metadata PID="0" first_ts_packet="636" last_ts_packet="636"/>
    <service service_id="0x5C20" program_map_PID="0x0101"/>
    <service service_id="0x5C38" program_map_PID="0x1FC8"/>
  </PAT>
  <PMT version="5" current="true" service_id="0x5C20" PCR_PID="0x0100">
    <metadata PID="257" first_ts_packet="639" last_ts_packet="639"/>
    <component elementary_PID="0x0111" stream_type="0x1B">
      <stream_identifier_descriptor component_tag="0x00"/>
    </component>
    <component elementary_PID="0x0112" stream_type="0x11">
      <stream_identifier_descriptor component_tag="0x10"/>
    </component>
    <component elementary_PID="0x0113" stream_type="0x11">
      <stream_identifier_descriptor component_tag="0x11"/>
    </component>
    <component elementary_PID="0x0114" stream_type="0x11">
      <stream_identifier_descriptor component_tag="0x12"/>
    </component>
    <component elementary_PID="0x0115" stream_type="0x11">
      <stream_identifier_descriptor component_tag="0x13"/>
    </component>
    <component elementary_PID="0x0116" stream_type="0x06">
      <stream_identifier_descriptor component_tag="0x30"/>
      <data_component_descriptor data_component_id="0x0008">
        <additional_data_component_info>
          3D
        </additional_data_component_info>
      </data_component_descriptor>
    </component>
    <component elementary_PID="0x01F4" stream_type="0x05">
      <data_component_descriptor data_component_id="0x00A3"/>
    </component>
    <component elementary_PID="0x0384" stream_type="0x0B">
      <carousel_identifier_descriptor carousel_id="0x00000001"/>
      <association_tag_descriptor association_tag="0x0040" use="0x0000">
        <selector_bytes>
          80 00 00 00 FF FF FF FF
        </selector_bytes>
      </association_tag_descriptor>
      <stream_identifier_descriptor component_tag="0x40"/>
      <data_component_descriptor data_component_id="0x00A0">
        <additional_data_component_info>
          A4 00 00 00 0A 00 64 00 00 00 01 1F
        </additional_data_component_info>
      </data_component_descriptor>
    </component>
    <component elementary_PID="0x05DC" stream_type="0x0C">
      <stream_identifier_descriptor component_tag="0x78"/>
    </component>
  </PMT>
  <PMT version="6" current="true" service_id="0x5C38" PCR_PID="0x0200">
    <metadata PID="8,136" first_ts_packet="840" last_ts_packet="840"/>
    <component elementary_PID="0x0212" stream_type="0x11">
      <stream_identifier_descriptor component_tag="0x83"/>
    </component>
    <component elementary_PID="0x0211" stream_type="0x1B">
      <stream_identifier_descriptor component_tag="0x81"/>
    </component>
    <component elementary_PID="0x0119" stream_type="0x06">
      <stream_identifier_descriptor component_tag="0x87"/>
      <data_component_descriptor data_component_id="0x0008">
        <additional_data_component_info>
          3D
        </additional_data_component_info>
      </data_component_descriptor>
    </component>
  </PMT>
  <NIT version="12" current="true" network_id="0x02E1" actual="true">
    <metadata PID="16" first_ts_packet="11,527" last_ts_packet="11,527"/>
    <network_name_descriptor network_name="TV INTEGRÂȮ"/>
    <transport_stream transport_stream_id="0x02E1" original_network_id="0x02E1" preferred_section="0">
      <service_list_descriptor>
        <service service_id="0x5C38" service_type="0xC0"/>
        <service service_id="0x5C20" service_type="0x01"/>
      </service_list_descriptor>
      <ISDB_terrestrial_delivery_system_descriptor area_code="0x0891" guard_interval="1/16" transmission_mode="8k">
        <frequency value="569,142,857"/>
      </ISDB_terrestrial_delivery_system_descriptor>
      <partial_reception_descriptor>
        <service id="0x5C38"/>
      </partial_reception_descriptor>
      <TS_information_descriptor remote_control_key_id="0x07" ts_name="TV INTEGRÂȮ">
        <transmission_type transmission_type_info="0xAF">
          <service id="0x5C38"/>
        </transmission_type>
        <transmission_type transmission_type_info="0x0F">
          <service id="0x5C20"/>
        </transmission_type>
      </TS_information_descriptor>
    </transport_stream>
  </NIT>
  <CAT version="0" current="true">
    <metadata PID="1" first_ts_packet="11,720" last_ts_packet="11,720"/>
  </CAT>
  <SDT version="12" current="true" transport_stream_id="0x02E1" original_network_id="0x02E1" actual="true">
    <metadata PID="17" first_ts_packet="13,831" last_ts_packet="13,831"/>
    <service service_id="0x5C20" EIT_schedule="false" EIT_present_following="true" CA_mode="false" running_status="running">
      <service_descriptor service_type="0x01" service_provider_name="TV INTEGRÂȮ" service_name="TV INTEGRÂȮ HD"/>
    </service>
    <service service_id="0x5C38" EIT_schedule="false" EIT_present_following="true" CA_mode="false" running_status="running">
      <service_descriptor service_type="0xC0" service_provider_name="TV INTEGRÂȮ" service_name="TV INTEGRÂȮ 1-SEG"/>
    </service>
  </SDT>
  <EIT type="pf" version="13" current="true" actual="true" service_id="0x5C20" transport_stream_id="0x02E1" original_network_id="0x02E1" last_table_id="0x00">
    <metadata PID="18" first_ts_packet="13,045" last_ts_packet="14,840"/>
    <event event_id="0x0005" start_time="2024-08-02 04:45:00" duration="08:40:00" running_status="running" CA_mode="false">
      <short_event_descriptor language_code="por">
        <event_name>OLIMPIADAS DE PARIS 2024</event_name>
        <text>Acompanhe os atletas brasileiros na disputa por medalhas em Paris.</text>
      </short_event_descriptor>
      <parental_rating_descriptor>
        <country country_code="BRA" rating="0x01"/>
      </parental_rating_descriptor>
      <audio_component_descriptor stream_content="0x06" component_type="0x03" component_tag="0x10" stream_type="0x11" main_component="true" quality_indicator="1" sampling_rate="7" ISO_639_language_code="por" text="Est?reo"/>
      <component_descriptor stream_content="0x05" stream_content_ext="0x0F" component_type="0xB2" component_tag="0x00" language_code="por" text=" "/>
      <content_descriptor>
        <content content_nibble_level_1="1" content_nibble_level_2="0" user_byte="0x00"/>
      </content_descriptor>
      <data_content_descriptor data_component_id="0x0008" entry_component="0x30" ISO_639_language_code="por" text="closedcaption">
        <selector_bytes>
          01 13 70 6F 72
        </selector_bytes>
      </data_content_descriptor>
      <extended_event_descriptor descriptor_number="0" last_descriptor_number="0" language_code="por">
        <text>OLIMPIADAS DE PARIS 2024</text>
      </extended_event_descriptor>
    </event>
    <event event_id="0x0006" start_time="2024-08-02 13:25:00" duration="00:30:00" running_status="not-running" CA_mode="false">
      <short_event_descriptor language_code="por">
        <event_name>JORNAL HOJE</event_name>
        <text>Os destaques do dia no Brasil e no mundo, com apresentaĿªo de CØsar Tralli.</text>
      </short_event_descriptor>
      <parental_rating_descriptor>
        <country country_code="BRA" rating="0x01"/>
      </parental_rating_descriptor>
      <audio_component_descriptor stream_content="0x06" component_type="0x03" component_tag="0x10" stream_type="0x11" main_component="true" quality_indicator="1" sampling_rate="7" ISO_639_language_code="por" text="Est?reo"/>
      <component_descriptor stream_content="0x05" stream_content_ext="0x0F" component_type="0xB2" component_tag="0x00" language_code="por" text=" "/>
      <content_descriptor>
        <content content_nibble_level_1="0" content_nibble_level_2="0" user_byte="0x00"/>
      </content_descriptor>
      <data_content_descriptor data_component_id="0x0008" entry_component="0x30" ISO_639_language_code="por" text="closedcaption">
        <selector_bytes>
          01 13 70 6F 72
        </selector_bytes>
      </data_content_descriptor>
      <extended_event_descriptor descriptor_number="0" last_descriptor_number="0" language_code="por">
        <text>JORNAL HOJE</text>
      </extended_event_descriptor>
    </event>
  </EIT>
</tsduck>
