<?xml version="1.0" encoding="UTF-8"?>
<tsduck>

  <PMT service_id="0">

    <component_descriptor stream_content="0x1" component_type="0x2" language_code="fre"/>

    <component_descriptor
        stream_content="0x9"
        stream_content_ext="0x1"
        component_type="0x02"
        component_tag="15"
        language_code="eng"
        text="A string description"/>

	<component_descriptor stream_content="0xB" stream_content_ext="0xE" component_type="0x7f" language_code="zhn"/>

	<component_descriptor stream_content="0xB" stream_content_ext="0xE" component_type="0x05" language_code="swe"/>

	<component_descriptor stream_content="0xB" stream_content_ext="0xE" component_type="0" language_code="deu"/>

    <AAC_descriptor profile_and_level="0x45"/>

	<AAC_descriptor profile_and_level="0x45" SAOC_DE="false"/>

    <AAC_descriptor
        profile_and_level="0x21"
        SAOC_DE="true"
        AAC_type="0x40">
      <additional_info>
        0123456789
      </additional_info>
    </AAC_descriptor>

    <DTS_descriptor
        sample_rate_code="0x0D"
        bit_rate_code="0x08"
        nblks="0x10"
        fsize="0x1234"
        surround_mode="0x09"/>

    <DTS_descriptor
        sample_rate_code="0x0D"
        bit_rate_code="0x08"
        nblks="0x10"
        fsize="0x1234"
        surround_mode="0x09"
        lfe="true"
        extended_surround="0x02">
      <additional_info>
        78 96 54 12
      </additional_info>
    </DTS_descriptor>

    <cable_delivery_system_descriptor
        frequency="312000000"
        symbol_rate="27450000"
        FEC_inner="3/5"/>

    <cable_delivery_system_descriptor
        frequency="220123789"
        FEC_outer="none"
        modulation="64-QAM"
        symbol_rate="18000000"
        FEC_inner="3/4"/>

    <application_signalling_descriptor/>

    <application_signalling_descriptor>
      <application application_type="0x1234" AIT_version_number="12"/>
      <application application_type="0x5678" AIT_version_number="31"/>
    </application_signalling_descriptor>

    <teletext_descriptor>
      <teletext language_code="fra" teletext_type="0x05" page_number="888"/>
      <teletext language_code="fra" teletext_type="0x02" page_number="889"/>
    </teletext_descriptor>

    <teletext_descriptor/>

    <VBI_teletext_descriptor>
      <teletext language_code="fra" teletext_type="0x05" page_number="888"/>
      <teletext language_code="fra" teletext_type="0x02" page_number="889"/>
    </VBI_teletext_descriptor>

    <VBI_teletext_descriptor/>

    <VBI_data_descriptor/>

    <VBI_data_descriptor>
      <service data_service_id="1">
        <field/>
        <field line_offset="10"/>
        <field field_parity="true" line_offset="20"/>
      </service>
      <service data_service_id="3">
        <reserved>
          01234567 89ABCDEF
        </reserved>
      </service>
    </VBI_data_descriptor>

    <maximum_bitrate_descriptor maximum_bitrate="6,800,000"/>

    <time_shifted_event_descriptor reference_service_id="0x1234" reference_event_id="0x5678"/>

    <DVB_time_shifted_service_descriptor reference_service_id="0x9ABC"/>

    <NVOD_reference_descriptor/>

    <NVOD_reference_descriptor>
      <service transport_stream_id="0x1234" original_network_id="0x5678" service_id="0x9ABC"/>
      <service transport_stream_id="0xFEDC" original_network_id="0xBA98" service_id="0x7654"/>
    </NVOD_reference_descriptor>

    <scrambling_descriptor scrambling_mode="0x02"/>
    <scrambling_descriptor scrambling_mode="0x70"/>

    <CP_descriptor CP_system_id="1" CP_PID="0x200"/>

    <CP_descriptor CP_system_id="0x5678" CP_PID="0x1BCD">
      <private_data>01 23 45 67 89</private_data>
    </CP_descriptor>

    <CP_identifier_descriptor/>

    <CP_identifier_descriptor>
      <CP_system_id value="0x0000"/>
      <CP_system_id value="0x0001"/>
      <CP_system_id value="0x0002"/>
      <CP_system_id value="0x0100"/>
      <CP_system_id value="0x0101"/>
      <CP_system_id value="0x1234"/>
    </CP_identifier_descriptor>

    <service_identifier_descriptor service_identifier="Foo service"/>

    <multilingual_bouquet_name_descriptor/>

    <multilingual_bouquet_name_descriptor>
      <language code="foo" bouquet_name="Foo bouquet"/>
      <language code="bar" bouquet_name="Bar maid"/>
    </multilingual_bouquet_name_descriptor>

    <multilingual_network_name_descriptor/>

    <multilingual_network_name_descriptor>
      <language code="foo" network_name="Foo network"/>
      <language code="bar" network_name="Bar maid"/>
    </multilingual_network_name_descriptor>

    <multilingual_component_descriptor component_tag="7"/>

    <multilingual_component_descriptor component_tag="10">
      <language code="foo" description="Foo component"/>
      <language code="bar" description="Bar component"/>
    </multilingual_component_descriptor>

    <multilingual_service_name_descriptor/>

    <multilingual_service_name_descriptor>
      <language code="foo" service_provider_name="Foo provider" service_name="Foo service"/>
      <language code="bar" service_provider_name="Bar provider" service_name="Bar maid"/>
    </multilingual_service_name_descriptor>

    <AC4_descriptor/>

    <AC4_descriptor
        ac4_dialog_enhancement_enabled="false"
        ac4_channel_mode="1">
      <ac4_dsi_toc>
        12 35 65 32 23
      </ac4_dsi_toc>
    </AC4_descriptor>

    <AC4_descriptor>
      <additional_info>
        78 96 23 12 45 46
      </additional_info>
    </AC4_descriptor>

    <DVB_AC4_descriptor
        ac4_dialog_enhancement_enabled="true"
        ac4_channel_mode="2">
      <ac4_dsi_toc>
        12 35 65 32 23
      </ac4_dsi_toc>
      <additional_info>
        78 96 23 12 45 46
      </additional_info>
    </DVB_AC4_descriptor>

    <service_move_descriptor
        new_original_network_id="0x1234"
        new_transport_stream_id="0x5678"
        new_service_id="0xABCD"/>

    <service_availability_descriptor availability="true"/>

    <service_availability_descriptor availability="false">
      <cell id="0x1234"/>
      <cell id="0x5678"/>
      <cell id="0x9ABC"/>
    </service_availability_descriptor>

    <stuffing_descriptor/>

    <DVB_stuffing_descriptor>
      01 23 45 67 89
    </DVB_stuffing_descriptor>

    <AVC_video_descriptor
        profile_idc="0x2D"
        constraint_set0="true"
        constraint_set1="false"
        constraint_set2="true"
        constraint_set3="false"
        constraint_set4="true"
        constraint_set5="false"
        AVC_compatible_flags="2"
        level_idc="0x4E"
        AVC_still_present="true"
        AVC_24_hour_picture="false"
        frame_packing_SEI_not_present="true"/>

    <AVC_timing_and_HRD_descriptor
        hrd_management_valid="true"
        fixed_frame_rate="false"
        temporal_poc="true"
        picture_to_display_conversion="false"/>

    <AVC_timing_and_HRD_descriptor
        hrd_management_valid="false"
        num_units_in_tick="12347"
        fixed_frame_rate="true"
        temporal_poc="false"
        picture_to_display_conversion="true"/>

    <AVC_timing_and_HRD_descriptor
        hrd_management_valid="true"
        N="78"
        K="365"
        num_units_in_tick="741369"
        fixed_frame_rate="true"
        temporal_poc="false"
        picture_to_display_conversion="false"/>

    <HEVC_timing_and_HRD_descriptor
        hrd_management_valid="true"/>

    <HEVC_timing_and_HRD_descriptor
        hrd_management_valid="false"
        target_schedule_idx="0x1F"
        num_units_in_tick="1234567"/>

    <HEVC_timing_and_HRD_descriptor
        hrd_management_valid="true"
        target_schedule_idx="0x05"
        N="789654"
        K="365214"
        num_units_in_tick="741369"/>

    <HEVC_video_descriptor
        profile_space="1"
        tier_flag="true"
        profile_idc="0x1F"
        profile_compatibility_indication="0x87654321"
        progressive_source_flag="true"
        interlaced_source_flag="false"
        non_packed_constraint_flag="true"
        frame_only_constraint_flag="false"
        level_idc="0xAB"
        HEVC_still_present_flag="true"
        HEVC_24hr_picture_present_flag="false"/>

    <HEVC_video_descriptor
        profile_space="2"
        tier_flag="false"
        profile_idc="4"
        profile_compatibility_indication="0x12345678"
        progressive_source_flag="false"
        interlaced_source_flag="true"
        non_packed_constraint_flag="false"
        frame_only_constraint_flag="true"
        copied_44bits="0xABCDEF12345"
        level_idc="0x56"
        HEVC_still_present_flag="false"
        HEVC_24hr_picture_present_flag="true"
        sub_pic_hrd_params_not_present="false"
        HDR_WCG_idc="2"
        temporal_id_min="1"
        temporal_id_max="4"/>

    <external_ES_ID_descriptor external_ES_ID="0x4567"/>

    <MPEG4_audio_descriptor MPEG4_audio_profile_and_level="0x12"/>

    <MPEG4_video_descriptor MPEG4_visual_profile_and_level="0x34"/>

    <data_stream_alignment_descriptor alignment_type="0x03"/>

    <hierarchy_descriptor
        no_temporal_scalability="true"
        no_spatial_scalability="false"
        no_quality_scalability="true"
        hierarchy_type="9"
        hierarchy_layer_index="10"
        tref_present="false"
        hierarchy_embedded_layer_index="11"
        hierarchy_channel="12"/>

    <audio_stream_descriptor
        free_format="true"
        ID="0"
        layer="2"
        variable_rate_audio="false"/>

    <video_stream_descriptor
        multiple_frame_rate="true"
        frame_rate_code="2"
        MPEG_1_only="true"
        constrained_parameter="false"
        still_picture="true"/>

    <video_stream_descriptor
        multiple_frame_rate="false"
        frame_rate_code="3"
        MPEG_1_only="false"
        constrained_parameter="true"
        still_picture="false"
        profile_and_level_indication="0x30"
        chroma_format="2"
        frame_rate_extension="false"/>

    <target_background_grid_descriptor
        horizontal_size="100"
        vertical_size="200"
        aspect_ratio_information="3"/>

    <video_window_descriptor
        horizontal_offset="50"
        vertical_offset="70"
        window_priority="1"/>

    <smoothing_buffer_descriptor
        sb_leak_rate="0x123456"
        sb_size="0x258963"/>

    <time_slice_fec_identifier_descriptor
        time_slicing="true"
        mpe_fec="1"
        frame_size="2"
        max_burst_duration="0x45"
        max_average_rate="8">
    </time_slice_fec_identifier_descriptor>

    <time_slice_fec_identifier_descriptor
        time_slicing="false"
        mpe_fec="0"
        frame_size="3"
        max_burst_duration="0x67"
        max_average_rate="3"
        time_slice_fec_id="9">
      <id_selector_bytes>0123456789</id_selector_bytes>
    </time_slice_fec_identifier_descriptor>

    <ECM_repetition_rate_descriptor
        CA_system_id="0x1234"
        ECM_repetition_rate="100"/>

    <ECM_repetition_rate_descriptor
        CA_system_id="0x5678"
        ECM_repetition_rate="200">
      <private_data>78963214</private_data>
    </ECM_repetition_rate_descriptor>

    <service_relocated_descriptor
        old_original_network_id="0x1234"
        old_transport_stream_id="0x5678"
        old_service_id="0xABCD"/>

    <system_clock_descriptor
        external_clock_reference="false"
        clock_accuracy_integer="47"
        clock_accuracy_exponent="3"/>

    <multiplex_buffer_utilization_descriptor/>

    <multiplex_buffer_utilization_descriptor
        LTW_offset_lower_bound="12345"
        LTW_offset_upper_bound="23895"/>

    <copyright_descriptor copyright_identifier="0x1234"/>

    <copyright_descriptor copyright_identifier="0x6789">
      <additional_copyright_info>
        78 96 32 14 52
      </additional_copyright_info>
    </copyright_descriptor>

    <IBP_descriptor
        closed_gop="false"
        identical_gop="true"
        max_gop_length="24"/>

    <SL_descriptor ES_ID="0x9876"/>

    <carousel_identifier_descriptor carousel_id="0x12345678"/>

    <carousel_identifier_descriptor carousel_id="0x96325874">
      <private_data>
        45 69 87
      </private_data>
    </carousel_identifier_descriptor>

    <association_tag_descriptor
        association_tag="0x5823"
        use="0x7854"/>

    <association_tag_descriptor
        association_tag="0x8523"
        use="0x9654">
      <selector_bytes>
        85 23 69
      </selector_bytes>
      <private_data>
        12 25 74 89 63
      </private_data>
    </association_tag_descriptor>

    <deferred_association_tags_descriptor
        transport_stream_id="0x1234"
        program_number="0x5678"/>

    <deferred_association_tags_descriptor
        transport_stream_id="0x7896"
        program_number="0x7418">
      <association tag="0x9654"/>
      <association tag="0x1236"/>
      <association tag="0x8546"/>
      <private_data>
        78 96 54 12 36
      </private_data>
    </deferred_association_tags_descriptor>

  </PMT>

  <discontinuity_information_table transition="false"/>

  <discontinuity_information_table transition="true"/>

  <selection_information_table version="12">
    <partial_transport_stream_descriptor peak_rate="0x12345"/>
    <service service_id="0x4567" running_status="not-running"/>
    <service service_id="0x7418" running_status="running">
    <partial_transport_stream_descriptor
        peak_rate="0x78964"
        minimum_overall_smoothing_rate="0x96325"
        maximum_overall_smoothing_buffer="0x1234"/>
    </service>
  </selection_information_table>

  <TSDT>

    <transport_stream_descriptor compliance="DVB"/>

    <CI_ancillary_data_descriptor/>

    <CI_ancillary_data_descriptor>
      <ancillary_data>
        12 34 56 78 9A
      </ancillary_data>
    </CI_ancillary_data_descriptor>

    <DTS_neural_descriptor config_id="0x02"/>

    <DTS_neural_descriptor config_id="0x05">
      <additional_info>
        01 89 45
      </additional_info>
    </DTS_neural_descriptor>

    <audio_preselection_descriptor/>

    <audio_preselection_descriptor>
      <preselection
          preselection_id="1"
          audio_rendering_indication="2"
          audio_description="false"
          spoken_subtitles="true"
          dialogue_enhancement="false"
          interactivity_enabled="true"/>
      <preselection
          preselection_id="2"
          audio_rendering_indication="3"
          audio_description="true"
          dialogue_enhancement="true"
          ISO_639_language_code="foo"
          message_id="0xAB">
        <multi_stream_info>
          <component tag="1"/>
          <component tag="2"/>
        </multi_stream_info>
        <future_extension>
          25 89 63 21 47
        </future_extension>
      </preselection>
    </audio_preselection_descriptor>

    <protection_message_descriptor/>

    <protection_message_descriptor>
      <component tag="0x07"/>
      <component tag="0xEA"/>
      <component tag="0x2F"/>
    </protection_message_descriptor>

    <C2_delivery_system_descriptor
        plp_id="4"
        data_slice_id="7"
        C2_system_tuning_frequency="123,456,789"
        C2_system_tuning_frequency_type="0"
        active_OFDM_symbol_duration="1"
        guard_interval="1/64"/>

    <C2_delivery_system_descriptor
        plp_id="0xCD"
        data_slice_id="0xFA"
        C2_system_tuning_frequency="3,698,741,258"
        C2_system_tuning_frequency_type="1"
        active_OFDM_symbol_duration="2"
        guard_interval="6"/>

    <C2_bundle_delivery_system_descriptor/>

    <C2_bundle_delivery_system_descriptor>
      <plp plp_id="4"
           data_slice_id="7"
           C2_system_tuning_frequency="123,456,789"
           C2_system_tuning_frequency_type="0"
           active_OFDM_symbol_duration="1"
           guard_interval="1/64"
           master_channel="true"/>
      <plp plp_id="0xCD"
           data_slice_id="0xFA"
           C2_system_tuning_frequency="3,698,741,258"
           C2_system_tuning_frequency_type="1"
           active_OFDM_symbol_duration="2"
           guard_interval="6"
           master_channel="false"/>
    </C2_bundle_delivery_system_descriptor>

    <T2_delivery_system_descriptor plp_id="0xAB" T2_system_id="0xCDEF"/>

    <T2_delivery_system_descriptor plp_id="0x12" T2_system_id="0x3456">
      <extension
          SISO_MISO="MISO"
          bandwidth="1.712MHz"
          guard_interval="19/128"
          transmission_mode="32k"
          other_frequency="true"
          tfs="false">
        <cell cell_id="0x6789">
          <centre_frequency value="3,456,789,120"/>
        </cell>
      </extension>
    </T2_delivery_system_descriptor>

    <T2_delivery_system_descriptor plp_id="0x56" T2_system_id="0x789A">
      <extension
          SISO_MISO="SISO"
          bandwidth="10MHz"
          guard_interval="19/256"
          transmission_mode="1k"
          other_frequency="false"
          tfs="true">
        <cell cell_id="0x1234"/>
        <cell cell_id="0x678A">
          <centre_frequency value="1,234,567,890"/>
          <centre_frequency value="987,654,320"/>
          <centre_frequency value="2,654,321,140"/>
          <subcell cell_id_extension="0x12" transposer_frequency="4,012,369,980"/>
          <subcell cell_id_extension="0xFA" transposer_frequency="1,789,123,450"/>
        </cell>
      </extension>
    </T2_delivery_system_descriptor>

    <SH_delivery_system_descriptor diversity_mode="0x05"/>

    <SH_delivery_system_descriptor diversity_mode="0x0A">
      <modulation>
        <OFDM
            bandwidth="1.7MHz"
            priority="1"
            constellation_and_hierarchy="2"
            code_rate="5"
            guard_interval="1/16"
            transmission_mode="4k"
            common_frequency="false"/>
        <interleaver
            common_multiplier="5"/>
      </modulation>
      <modulation>
        <TDM
            polarization="vertical"
            roll_off="0.15"
            modulation_mode="16APSK"
            code_rate="2"
            symbol_rate="1"/>
        <interleaver
            common_multiplier="7"
            nof_late_taps="24"
            nof_slices="54"
            slice_distance="102"
            non_late_increments="45"/>
      </modulation>
    </SH_delivery_system_descriptor>

    <S2X_satellite_delivery_system_descriptor
        receiver_profiles="0x15"
        S2X_mode="2"
        TS_GS_S2X_mode="1"
        timeslice_number="0xBC">
      <master_channel
          frequency="34,567,890,000"
          orbital_position="19.2"
          west_east_flag="east"
          polarization="horizontal"
          roll_off="0.15"
          symbol_rate="123,456,700"/>
      <reserved_future_use>
        0123 456789
      </reserved_future_use>
    </S2X_satellite_delivery_system_descriptor>

    <S2X_satellite_delivery_system_descriptor
        receiver_profiles="0x0A"
        S2X_mode="3"
        TS_GS_S2X_mode="3"
        scrambling_sequence_index="0x023456">
      <master_channel
          frequency="876,543,210,000"
          orbital_position="3.7"
          west_east_flag="west"
          polarization="vertical"
          roll_off="0.10"
          symbol_rate="456,789,600"/>
      <channel_bond
          frequency="65,432,180,000"
          orbital_position="34.0"
          west_east_flag="east"
          polarization="right"
          roll_off="0.05"
          symbol_rate="24,675,400"
          input_stream_identifier="0xBD"/>
      <channel_bond
          frequency="6,543,670,000"
          orbital_position="123.4"
          west_east_flag="west"
          polarization="left"
          roll_off="0.25"
          symbol_rate="876,400"
          input_stream_identifier="0x2E"/>
    </S2X_satellite_delivery_system_descriptor>

    <frequency_list_descriptor coding_type="satellite">
      <centre_frequency value="123,456,780,000"/>
      <centre_frequency value="3,876,430,000"/>
      <centre_frequency value="120,000"/>
    </frequency_list_descriptor>

    <frequency_list_descriptor coding_type="cable">
      <centre_frequency value="9,876,543,200"/>
    </frequency_list_descriptor>

    <frequency_list_descriptor coding_type="terrestrial">
      <centre_frequency value="825,000,000"/>
      <centre_frequency value="39,123,456,780"/>
    </frequency_list_descriptor>

    <cell_frequency_link_descriptor/>

    <cell_frequency_link_descriptor>
      <cell cell_id="0x1234" frequency="1,234,456,780">
        <subcell cell_id_extension="0xAB" transposer_frequency="12,345,678,910"/>
      </cell>
      <cell cell_id="0x5678" frequency="9,876,543,210"/>
      <cell cell_id="0x9ABC" frequency="234,567,890">
        <subcell cell_id_extension="0xCD" transposer_frequency="876,650"/>
        <subcell cell_id_extension="0xEF" transposer_frequency="654,654,120"/>
      </cell>
    </cell_frequency_link_descriptor>

    <cell_list_descriptor/>

    <cell_list_descriptor>
      <cell cell_id="0x1234"
            cell_latitude="0"
            cell_longitude="32767"
            cell_extent_of_latitude="0"
            cell_extent_of_longitude="4095"/>
      <cell cell_id="0x5678"
            cell_latitude="-32768"
            cell_longitude="0"
            cell_extent_of_latitude="4095"
            cell_extent_of_longitude="0"/>
      <cell cell_id="0x9ABC"
            cell_latitude="0"
            cell_longitude="16384"
            cell_extent_of_latitude="50"
            cell_extent_of_longitude="100">
        <subcell cell_id_extension="0x12"
                 subcell_latitude="16384"
                 subcell_longitude="-16384"
                 subcell_extent_of_latitude="2048"
                 subcell_extent_of_longitude="1024"/>
        <subcell cell_id_extension="0x34"
                 subcell_latitude="8192"
                 subcell_longitude="-8192"
                 subcell_extent_of_latitude="512"
                 subcell_extent_of_longitude="256"/>
        <subcell cell_id_extension="0x56"
                 subcell_latitude="-4096"
                 subcell_longitude="4096"
                 subcell_extent_of_latitude="128"
                 subcell_extent_of_longitude="64"/>
      </cell>
    </cell_list_descriptor>

    <DTS_HD_descriptor/>

    <DTS_HD_descriptor>
      <additional_info>
        0123456789
      </additional_info>
    </DTS_HD_descriptor>

    <DTS_HD_descriptor>
      <substream_core
          channel_count="7"
          LFE="true"
          sampling_frequency="5"
          sample_resolution="false">
        <asset_info
            asset_construction="2"
            vbr="false"
            post_encode_br_scaling="false"
            bit_rate="45"
            component_type="0x52"
            ISO_639_language_code="foo"/>
        <asset_info
            asset_construction="13"
            vbr="true"
            post_encode_br_scaling="true"
            bit_rate="0x12C"
            component_type="0x24"/>
      </substream_core>
      <substream_2
          channel_count="3"
          LFE="false"
          sampling_frequency="14"
          sample_resolution="true">
        <asset_info
            asset_construction="11"
            vbr="true"
            post_encode_br_scaling="false"
            bit_rate="127"/>
      </substream_2>
      <additional_info>
        7894
      </additional_info>
    </DTS_HD_descriptor>

    <URI_linkage_descriptor uri_linkage_type="1" uri="foo://bar/" min_polling_interval="400"/>

    <URI_linkage_descriptor uri_linkage_type="0xAB" uri="http://foo/bar/">
      <private_data>
        12 34 5678
      </private_data>
    </URI_linkage_descriptor>

	<URI_linkage_descriptor uri_linkage_type="0x03" uri="https://dvb-i.tv/">
		<DVB_I_linkage end_point_type="0x01">
			<private_data>00 ff 11 ee</private_data>
		</DVB_I_linkage>
	</URI_linkage_descriptor>

	<URI_linkage_descriptor uri_linkage_type="0x03" uri="https://registry.dvb-i.tv/query?country=GBR">
		<DVB_I_linkage end_point_type="0x02"/>
	</URI_linkage_descriptor>

	<URI_linkage_descriptor uri_linkage_type="0x03" uri="https://dvb-i.tv/uk/">
		<DVB_I_linkage end_point_type="0x03" service_list_name="UK Television" service_list_provider_name="UK TV Regulator"/>
	</URI_linkage_descriptor>

	<URI_linkage_descriptor uri_linkage_type="0x03" uri="https://dvb-i.nz/national_tv">
		<DVB_I_linkage end_point_type="0x03" service_list_name="New Zealand Television"/>
	</URI_linkage_descriptor>

    <network_change_notify_descriptor/>

    <network_change_notify_descriptor>
      <cell cell_id="0x1234"/>
      <cell cell_id="0x5678">
        <change network_change_id="0xAB"
                network_change_version="0xCD"
                start_time_of_change="2019-12-11 23:12:34"
                change_duration="08:52:03"
                receiver_category="0"
                change_type="0x02"
                message_id="0x81"/>
        <change network_change_id="0xEF"
                network_change_version="0x67"
                start_time_of_change="2020-01-02 02:34:56"
                change_duration="11:32:45"
                receiver_category="1"
                change_type="0x0B"
                message_id="0x83"
                invariant_ts_tsid="0xDEAD"
                invariant_ts_onid="0xBEEF"/>
      </cell>
    </network_change_notify_descriptor>

    <DSNG_descriptor station_identification="Foo, bar"/>

    <FTA_content_management_descriptor
        user_defined="true"
        do_not_scramble="false"
        control_remote_access_over_internet="2"
        do_not_apply_revocation="true"/>

    <FTA_content_management_descriptor
        user_defined="false"
        do_not_scramble="true"
        control_remote_access_over_internet="0"
        do_not_apply_revocation="false"/>

    <PDC_descriptor programme_identification_label="11-30 23:45"/>

    <short_smoothing_buffer_descriptor sb_size="1" sb_leak_rate="20"/>

    <short_smoothing_buffer_descriptor sb_size="2" sb_leak_rate="41">
      0123456789
    </short_smoothing_buffer_descriptor>

    <video_depth_range_descriptor/>

    <video_depth_range_descriptor>
      <range range_type="0" video_max_disparity_hint="-2048" video_min_disparity_hint="2047"/>
      <range range_type="0" video_max_disparity_hint="123" video_min_disparity_hint="-123"/>
      <range range_type="1"/>
      <range range_type="2">
        <range_selector>
          01 23 45
        </range_selector>
      </range>
    </video_depth_range_descriptor>

    <target_region_descriptor country_code="foo"/>

    <target_region_descriptor country_code="bar">
      <region/>
      <region country_code="foo"
              primary_region_code="0x12"/>
      <region primary_region_code="0x34"
              secondary_region_code="0x56"/>
      <region country_code="abc"
              primary_region_code="0x78"
              secondary_region_code="0x9A"
              tertiary_region_code="0xBCDE"/>
    </target_region_descriptor>

    <target_region_name_descriptor
        country_code="foo"
        ISO_639_language_code="bar"/>

    <target_region_name_descriptor
        country_code="ABC"
        ISO_639_language_code="DEF">
      <region region_name="region foo 1"
              primary_region_code="0x12"/>
      <region region_name="region bar 2"
              primary_region_code="0x34"
              secondary_region_code="0x56"
              tertiary_region_code="0x789A"/>
    </target_region_name_descriptor>

    <image_icon_descriptor
        descriptor_number="0"
        last_descriptor_number="12"
        icon_id="4"
        icon_transport_mode="0"
        coordinate_system="2"
        icon_horizontal_origin="999"
        icon_vertical_origin="456"
        icon_type="image/png">
      <icon_data>
        0123456789ABCDEF
      </icon_data>
    </image_icon_descriptor>

    <image_icon_descriptor
        descriptor_number="0"
        last_descriptor_number="7"
        icon_id="6"
        icon_transport_mode="1"
        icon_type="image/jpeg"
        url="http://foo/bar.jpg"/>

    <image_icon_descriptor
        descriptor_number="3"
        last_descriptor_number="3"
        icon_id="6">
      <icon_data>
        0123456789
      </icon_data>
    </image_icon_descriptor>

    <announcement_support_descriptor/>

    <announcement_support_descriptor>
      <announcement
          announcement_type="1"
          reference_type="0"/>
      <announcement
          announcement_type="4"
          reference_type="2"
          original_network_id="0x1234"
          transport_stream_id="0x5678"
          service_id="0x9ABC"
          component_tag="0xDE"/>
    </announcement_support_descriptor>

    <telephone_descriptor
        foreign_availability="true"
        connection_type="2"/>

    <telephone_descriptor
        foreign_availability="false"
        connection_type="30"
        country_prefix="12"
        international_area_code="456-789"
        operator_code="1"
        national_area_code="234"
        core_number="567 789 0123"/>

    <mosaic_descriptor
        mosaic_entry_point="true"
        number_of_horizontal_elementary_cells="0"
        number_of_vertical_elementary_cells="7"/>

    <mosaic_descriptor
        mosaic_entry_point="false"
        number_of_horizontal_elementary_cells="1"
        number_of_vertical_elementary_cells="5">
      <cell logical_cell_id="0x34"
            logical_cell_presentation_info="2"
            cell_linkage_info="1"
            bouquet_id="0x1234"/>
      <cell logical_cell_id="0x16"
            logical_cell_presentation_info="1"
            cell_linkage_info="2"
            original_network_id="0x789A"
            transport_stream_id="0xBCDE"
            service_id="0xF012">
        <elementary_cell id="0x02"/>
        <elementary_cell id="0x03"/>
        <elementary_cell id="0x34"/>
      </cell>
      <cell logical_cell_id="0x1A"
            logical_cell_presentation_info="3"
            cell_linkage_info="4"
            original_network_id="0xFEDC"
            transport_stream_id="0xBA98"
            service_id="0x7654"
            event_id="0x3210">
        <elementary_cell id="0x1F"/>
        <elementary_cell id="0x2E"/>
      </cell>
    </mosaic_descriptor>

    <af_extensions_descriptor/>

    <MPEG2_AAC_audio_descriptor
        MPEG2_AAC_profile="0x01"
        MPEG2_AAC_channel_configuration="0x02"
        MPEG2_AAC_additional_information="0x8A"/>

    <MVC_extension_descriptor
        average_bitrate="1500"
        maximum_bitrate="1700"
        view_association_not_present="true"
        base_view_is_left_eyeview="false"
        view_order_index_min="457"
        view_order_index_max="845"
        temporal_id_start="1"
        temporal_id_end="5"
        no_sei_nal_unit_present="true"
        no_prefix_nal_unit_present="false"/>

    <SVC_extension_descriptor
        width="1236"
        height="5236"
        frame_rate="456"
        average_bitrate="4566"
        maximum_bitrate="5000"
        dependency_id="4"
        quality_id_start="10"
        quality_id_end="12"
        temporal_id_start="4"
        temporal_id_end="6"
        no_sei_nal_unit_present="false"/>

    <metadata_STD_descriptor
        metadata_input_leak_rate="123456"
        metadata_buffer_size="789012"
        metadata_output_leak_rate="4194303"/>

    <FMC_descriptor/>

    <FMC_descriptor>
      <stream ES_ID="0x1234" M4MuxChannel="0xAB"/>
      <stream ES_ID="0x5678" M4MuxChannel="0xCD"/>
      <stream ES_ID="0x9ABC" M4MuxChannel="0xEF"/>
    </FMC_descriptor>

    <m4mux_timing_descriptor
        FCR_ES_ID="0x1234"
        FCRResolution="0x56789ABC"
        FCRLength="0xDE"
        FmxRateLength="0xAB"/>

    <multiplex_buffer_descriptor
        MB_buffer_size="123456"
        TB_leak_rate="789012"/>

    <MPEG2_stereoscopic_video_format_descriptor/>

    <MPEG2_stereoscopic_video_format_descriptor arrangement_type="0x67"/>

    <stereoscopic_program_info_descriptor stereoscopic_service_type="2"/>

    <stereoscopic_video_info_descriptor
        base_video="true"
        leftview="false"/>

    <stereoscopic_video_info_descriptor
        base_video="false"
        usable_as_2D="true"
        horizontal_upsampling_factor="3"
        vertical_upsampling_factor="4"/>

    <transport_profile_descriptor transport_profile="1"/>

    <transport_profile_descriptor transport_profile="2">
      <private_data>
        01 02 03 04 05
      </private_data>
    </transport_profile_descriptor>

    <J2K_video_descriptor
		profile_and_level="0x0345"
        horizontal_size="2048"
        vertical_size="1069"
        max_bit_rate="9000000"
        max_buffer_size="123456"
        DEN_frame_rate="1"
        NUM_frame_rate="60"
        color_specification="0xAB"
        still_mode="false"
        interlaced_video="true">
      <private_data>
        98 74 56
      </private_data>
    </J2K_video_descriptor>
	
	<J2K_video_descriptor
        profile_and_level="0x0346"
        horizontal_size="1920"
        vertical_size="1080"
        max_bit_rate="8000000"
        max_buffer_size="123456"
        DEN_frame_rate="1"
        NUM_frame_rate="50"
        still_mode="false"
        interlaced_video="true"
		colour_primaries="9"
		transfer_characteristics="15"
		matrix_coefficients="9"
		video_full_range_flag="true">
	  	<mdm 
			X_c0="810" Y_c0="145"
			X_c1="1810" Y_c1="1145"
			X_c2="970" Y_c2="1217"
			X_wp="45" Y_wp="54"
			L_max="145263" L_min="0"
			MaxCLL="1000"
			MaxFALL="999"/>
      <private_data>
        98 76 54 32
      </private_data>
    </J2K_video_descriptor>
	
	<J2K_video_descriptor
		profile_and_level="0x0567"
        horizontal_size="3840"
        vertical_size="2160"
        max_bit_rate="12000000"
        max_buffer_size="234562"
        DEN_frame_rate="1"
        NUM_frame_rate="100"
        still_mode="false"
        interlaced_video="false"
		colour_primaries="5"
		transfer_characteristics="5"
		matrix_coefficients="4"
		video_full_range_flag="true">
		<stripe
		  strp_max_idx="127"
		  strp_height="1000"/>
		<block
		  full_horizontal_size="3840"
		  full_vertical_size="2160"
		  blk_width="40"
		  blk_height="40"
		  max_blk_idx_h="95"
		  max_blk_idx_v="53"
		  blk_idx_h="12"
		  blk_idx_v="13"/>
    </J2K_video_descriptor>
	
	<J2K_video_descriptor
		profile_and_level="0x0789"
        horizontal_size="3840"
        vertical_size="2160"
        max_bit_rate="12000000"
        max_buffer_size="234562"
        DEN_frame_rate="1"
        NUM_frame_rate="100"
        still_mode="false"
        interlaced_video="false"
		colour_primaries="12"
		transfer_characteristics="18"
		matrix_coefficients="14"
		video_full_range_flag="true"/>

    <!-- "CUEI" registration identifier required for SCTE-35 splice information -->
    <registration_descriptor format_identifier="0x43554549"/>
    <cue_identifier_descriptor cue_stream_type="insert_null_schedule"/>
    <cue_identifier_descriptor cue_stream_type="all"/>

    <DVB_AC3_descriptor/>

    <DVB_AC3_descriptor component_type="0x12" bsid="0x34" mainid="0x56" asvc="0x78"/>

    <DVB_AC3_descriptor component_type="0x9A" mainid="0xBC">
      <additional_info>
        987654
      </additional_info>
    </DVB_AC3_descriptor>

    <DVB_enhanced_AC3_descriptor
        mixinfoexists="true"
        component_type="0x12"
        bsid="0x34"
        mainid="0x56"
        asvc="0x78"
        substream1="0x9A"
        substream2="0xBC"
        substream3="0xDE">
      <additional_info>
        14785236
      </additional_info>
    </DVB_enhanced_AC3_descriptor>

    <private_data_indicator_descriptor private_data_indicator="0x12345678"/>
    <private_data_indicator_descriptor private_data_indicator="0"/>

    <registration_descriptor format_identifier="0x98765432"/>

    <registration_descriptor format_identifier="0x12345678">
      <additional_identification_info>
        987654
      </additional_identification_info>
    </registration_descriptor>

    <MVC_operation_point_descriptor
        profile_idc="0xAB"
        constraint_set0="false"
        constraint_set1="true"
        constraint_set2="false"
        constraint_set3="true"
        constraint_set4="false"
        constraint_set5="true"
        AVC_compatible_flags="1">
      <level level_idc="0xCD"/>
      <level level_idc="0xEF">
        <operation_point
            applicable_temporal_id="1"
            num_target_output_views="85"/>
        <operation_point
            applicable_temporal_id="2"
            num_target_output_views="12">
          <ES reference="0x01"/>
          <ES reference="0x35"/>
          <ES reference="0x24"/>
          <ES reference="0x0F"/>
        </operation_point>
      </level>
    </MVC_operation_point_descriptor>

    <HEVC_hierarchy_extension_descriptor
        extension_dimension_bits="0xA801"
        hierarchy_layer_index="0x32"
        temporal_id="5"
        nuh_layer_id="0x23"
        tref_present="false"
        hierarchy_channel="0x1B">
      <embedded_layer hierarchy_layer_index="0x01"/>
      <embedded_layer hierarchy_layer_index="0x12"/>
      <embedded_layer hierarchy_layer_index="0x23"/>
      <embedded_layer hierarchy_layer_index="0x31"/>
    </HEVC_hierarchy_extension_descriptor>

    <green_extension_descriptor/>

    <green_extension_descriptor>
      <constant_backlight_voltage_time_interval value="200"/>
      <constant_backlight_voltage_time_interval value="3456"/>
      <constant_backlight_voltage_time_interval value="45678"/>
      <max_variation value="852"/>
      <max_variation value="36980"/>
    </green_extension_descriptor>

    <virtual_segmentation_descriptor/>

    <virtual_segmentation_descriptor ticks_per_second="12345">
      <partition
          partition_id="0"
          SAP_type_max="5"
          boundary_PID="0x1234"/>
      <partition
          partition_id="2"
          SAP_type_max="1"/>
      <partition
          partition_id="3"
          SAP_type_max="3"
          maximum_duration="10"/>
    </virtual_segmentation_descriptor>

    <virtual_segmentation_descriptor ticks_per_second="12345">
      <partition
          partition_id="4"
          SAP_type_max="7"
          maximum_duration="3"/>
      <partition
          partition_id="5"
          SAP_type_max="2"
          maximum_duration="100,000,000"/>
    </virtual_segmentation_descriptor>

    <content_labelling_descriptor
        metadata_application_format="0x0010"
        content_time_base_indicator="2"
        content_time_base_value="5,123,456,789"
        metadata_time_base_value="4,987,654,321"
        content_id="0x34">
      <content_reference_id>
        01234567
      </content_reference_id>
      <private_data>
        96852741
      </private_data>
    </content_labelling_descriptor>

    <content_labelling_descriptor
        metadata_application_format="0xFFFF"
        metadata_application_format_identifier="0x12345678"
        content_time_base_indicator="5">
      <time_base_association_data>
        741852
      </time_base_association_data>
    </content_labelling_descriptor>

    <metadata_pointer_descriptor
        metadata_application_format="0xFFFF"
        metadata_application_format_identifier="0x12345678"
        metadata_format="0xFF"
        metadata_format_identifier="0x87654321"
        metadata_service_id="0xAB"
        MPEG_carriage_flags="3">
      <metadata_locator>
        963852
      </metadata_locator>
      <private_data>
        147258
      </private_data>
    </metadata_pointer_descriptor>

    <metadata_pointer_descriptor
        metadata_application_format="0x0011"
        metadata_format="0x10"
        metadata_service_id="0xEF"
        MPEG_carriage_flags="1"
        program_number="0x1234"
        transport_stream_location="0x5678"
        transport_stream_id="0xABCD"/>

    <metadata_descriptor
        metadata_application_format="0xFFFF"
        metadata_application_format_identifier="0x12345678"
        metadata_format="0xFF"
        metadata_format_identifier="0x87654321"
        metadata_service_id="0xCD"
        decoder_config_flags="1">
      <service_identification>
        012345
      </service_identification>
      <decoder_config>
        456987
      </decoder_config>
      <private_data>
        456321
      </private_data>
    </metadata_descriptor>

    <metadata_descriptor
        metadata_application_format="0x0010"
        metadata_format="0x11"
        metadata_service_id="0x78"
        decoder_config_flags="3">
      <dec_config_identification>
        1478523690
      </dec_config_identification>
    </metadata_descriptor>

    <metadata_descriptor
        metadata_application_format="0x0011"
        metadata_format="0x12"
        metadata_service_id="0x23"
        decoder_config_flags="4"
        decoder_config_metadata_service_id="0xDE"/>

    <metadata_descriptor
        metadata_application_format="0x0123"
        metadata_format="0x20"
        metadata_service_id="0x78"
        decoder_config_flags="6">
      <reserved_data>
        789654
      </reserved_data>
      <private_data>
        AB
      </private_data>
    </metadata_descriptor>

    <MPEGH_3D_audio_descriptor
        mpegh_3da_profile_level_indication="0xAB"
        interactivity_enabled="false"
        reference_channel_layout="0x34">
      <reserved>
        0123456789
      </reserved>
    </MPEGH_3D_audio_descriptor>

    <MPEGH_3D_audio_descriptor
        mpegh_3da_profile_level_indication="1"
        interactivity_enabled="true"
        reference_channel_layout="2"/>

    <MPEGH_3D_audio_multi_stream_descriptor
        this_is_main_stream="false"
        this_stream_id="0x71">
      <reserved>
        012345
      </reserved>
    </MPEGH_3D_audio_multi_stream_descriptor>

    <MPEGH_3D_audio_multi_stream_descriptor
        this_is_main_stream="true"
        this_stream_id="0x0F"
        num_auxiliary_streams="11">
      <mae_group
          mae_group_id="0x12"
          is_in_main_stream="true"/>
      <mae_group
          mae_group_id="0x13"
          is_in_main_stream="false"
          is_in_ts="true"
          auxiliary_stream_id="0x5A"/>
      <mae_group
          mae_group_id="0x14"
          is_in_main_stream="false"
          is_in_ts="false"
          auxiliary_stream_id="0x5B"/>
    </MPEGH_3D_audio_multi_stream_descriptor>

  </TSDT>

  <CIT service_id="0x1234"
       transport_stream_id="0x5678"
       original_network_id="0xABCD"/>

  <CIT version="2"
       service_id="0xFEDC"
       transport_stream_id="0x8765"
       original_network_id="0x4321">
    <prepend_string value="foo://bar"/>
    <prepend_string value="scoo"/>
    <prepend_string value="bidoo"/>
    <crid crid_ref="0x1234" prepend_string_index="0" unique_string="abcdef"/>
    <crid crid_ref="0x5678" prepend_string_index="2" unique_string="ghijk"/>
    <crid crid_ref="0xABCD" prepend_string_index="0xFF" unique_string="xyzt"/>
  </CIT>

  <RNT context_id="0x1234" context_id_type="2"/>

  <RNT version="11" context_id="0xABCD" context_id_type="0">
    <stream_identifier_descriptor component_tag="0x00"/>
    <stream_identifier_descriptor component_tag="0x01"/>
    <stream_identifier_descriptor component_tag="0x02"/>
    <resolution_provider name="Provider 1">
      <stream_identifier_descriptor component_tag="0x03"/>
      <stream_identifier_descriptor component_tag="0x04"/>
      <stream_identifier_descriptor component_tag="0x05"/>
      <CRID_authority name="Authority 1.1" policy="0">
        <stream_identifier_descriptor component_tag="0x06"/>
      </CRID_authority>
      <CRID_authority name="Authority 1.2" policy="1"/>
    </resolution_provider>
    <resolution_provider name="Provider 2"/>
    <resolution_provider name="Provider 3">
      <stream_identifier_descriptor component_tag="0x07"/>
      <CRID_authority name="Authority 3.1" policy="2"/>
      <CRID_authority name="Authority 3.2" policy="3">
        <stream_identifier_descriptor component_tag="0x08"/>
      </CRID_authority>
    </resolution_provider>
  </RNT>

  <TSDT version="2">

    <TVA_id_descriptor/>

    <TVA_id_descriptor>
      <TVA id="0x1234" running_status="2"/>
      <TVA id="0xABCD" running_status="6"/>
    </TVA_id_descriptor>

    <content_identifier_descriptor/>

    <content_identifier_descriptor>
      <crid crid_type="1" crid_location="0" crid="foo/bar"/>
      <crid crid_type="2" crid_location="1" crid_ref="0x1234"/>
      <crid crid_type="3" crid_location="2"/>
    </content_identifier_descriptor>

    <related_content_descriptor/>

    <S2_satellite_delivery_system_descriptor/>

    <S2_satellite_delivery_system_descriptor
        backwards_compatibility="true"
        TS_GS_mode="1"
        scrambling_sequence_index="0x23456"
        input_stream_identifier="0xAB"
        timeslice_number="0xCD"/>

  </TSDT>

</tsduck>
